# JRE version: OpenJDK Runtime Environment Corretto-11.0.20.9.1 (11.0.20.1+9) (build 11.0.20.1+9-LTS)
# Java VM: OpenJDK 64-Bit Server VM Corretto-11.0.20.9.1 (11.0.20.1+9-LTS, mixed mode, tiered, compressed oops, g1 gc, windows-amd64)
Heap:
 garbage-first heap   total 98304K, used 73351K [0x00000000a0000000, 0x0000000100000000)
  region size 1024K, 2 young (2048K), 1 survivors (1024K)
 Metaspace       used 58462K, capacity 60346K, committed 60592K, reserved 1101824K
  class space    used 7440K, capacity 8073K, committed 8192K, reserved 1048576K
GC Heap History (20 events):
Event: 55.424 GC heap before
{Heap before GC invocations=23 (full 0):
 garbage-first heap   total 98304K, used 88795K [0x00000000a0000000, 0x0000000100000000)
  region size 1024K, 29 young (29696K), 4 survivors (4096K)
 Metaspace       used 50855K, capacity 52224K, committed 52272K, reserved 1095680K
  class space    used 6501K, capacity 7003K, committed 7040K, reserved 1048576K
}
Event: 55.429 GC heap after
{Heap after GC invocations=24 (full 0):
 garbage-first heap   total 98304K, used 64565K [0x00000000a0000000, 0x0000000100000000)
  region size 1024K, 2 young (2048K), 2 survivors (2048K)
 Metaspace       used 50855K, capacity 52224K, committed 52272K, reserved 1095680K
  class space    used 6501K, capacity 7003K, committed 7040K, reserved 1048576K
}
Event: 55.544 GC heap before
{Heap before GC invocations=24 (full 0):
 garbage-first heap   total 98304K, used 84021K [0x00000000a0000000, 0x0000000100000000)
  region size 1024K, 21 young (21504K), 2 survivors (2048K)
 Metaspace       used 50862K, capacity 52224K, committed 52272K, reserved 1095680K
  class space    used 6501K, capacity 7003K, committed 7040K, reserved 1048576K
}
Event: 55.547 GC heap after
{Heap after GC invocations=25 (full 0):
 garbage-first heap   total 98304K, used 64777K [0x00000000a0000000, 0x0000000100000000)
  region size 1024K, 2 young (2048K), 2 survivors (2048K)
 Metaspace       used 50862K, capacity 52224K, committed 52272K, reserved 1095680K
  class space    used 6501K, capacity 7003K, committed 7040K, reserved 1048576K
}
Event: 55.752 GC heap before
{Heap before GC invocations=26 (full 0):
 garbage-first heap   total 98304K, used 84233K [0x00000000a0000000, 0x0000000100000000)
  region size 1024K, 21 young (21504K), 2 survivors (2048K)
 Metaspace       used 50929K, capacity 52305K, committed 52528K, reserved 1095680K
  class space    used 6499K, capacity 7030K, committed 7040K, reserved 1048576K
}
Event: 55.754 GC heap after
{Heap after GC invocations=27 (full 0):
 garbage-first heap   total 98304K, used 64090K [0x00000000a0000000, 0x0000000100000000)
  region size 1024K, 1 young (1024K), 1 survivors (1024K)
 Metaspace       used 50929K, capacity 52305K, committed 52528K, reserved 1095680K
  class space    used 6499K, capacity 7030K, committed 7040K, reserved 1048576K
}
Event: 57.159 GC heap before
{Heap before GC invocations=27 (full 0):
 garbage-first heap   total 98304K, used 83546K [0x00000000a0000000, 0x0000000100000000)
  region size 1024K, 20 young (20480K), 1 survivors (1024K)
 Metaspace       used 52109K, capacity 53718K, committed 54064K, reserved 1095680K
  class space    used 6623K, capacity 7199K, committed 7296K, reserved 1048576K
}
Event: 57.166 GC heap after
{Heap after GC invocations=28 (full 0):
 garbage-first heap   total 98304K, used 65659K [0x00000000a0000000, 0x0000000100000000)
  region size 1024K, 2 young (2048K), 2 survivors (2048K)
 Metaspace       used 52109K, capacity 53718K, committed 54064K, reserved 1095680K
  class space    used 6623K, capacity 7199K, committed 7296K, reserved 1048576K
}
Event: 58.179 GC heap before
{Heap before GC invocations=29 (full 0):
 garbage-first heap   total 98304K, used 85115K [0x00000000a0000000, 0x0000000100000000)
  region size 1024K, 20 young (20480K), 2 survivors (2048K)
 Metaspace       used 54098K, capacity 55692K, committed 55856K, reserved 1097728K
  class space    used 6835K, capacity 7452K, committed 7552K, reserved 1048576K
}
Event: 58.183 GC heap after
{Heap after GC invocations=30 (full 0):
 garbage-first heap   total 98304K, used 66588K [0x00000000a0000000, 0x0000000100000000)
  region size 1024K, 2 young (2048K), 2 survivors (2048K)
 Metaspace       used 54098K, capacity 55692K, committed 55856K, reserved 1097728K
  class space    used 6835K, capacity 7452K, committed 7552K, reserved 1048576K
}
Event: 59.607 GC heap before
{Heap before GC invocations=30 (full 0):
 garbage-first heap   total 98304K, used 83996K [0x00000000a0000000, 0x0000000100000000)
  region size 1024K, 19 young (19456K), 2 survivors (2048K)
 Metaspace       used 55372K, capacity 57081K, committed 57264K, reserved 1099776K
  class space    used 7057K, capacity 7677K, committed 7680K, reserved 1048576K
}
Event: 59.614 GC heap after
{Heap after GC invocations=31 (full 0):
 garbage-first heap   total 98304K, used 67435K [0x00000000a0000000, 0x0000000100000000)
  region size 1024K, 3 young (3072K), 3 survivors (3072K)
 Metaspace       used 55372K, capacity 57081K, committed 57264K, reserved 1099776K
  class space    used 7057K, capacity 7677K, committed 7680K, reserved 1048576K
}
Event: 60.613 GC heap before
{Heap before GC invocations=32 (full 0):
 garbage-first heap   total 98304K, used 83819K [0x00000000a0000000, 0x0000000100000000)
  region size 1024K, 19 young (19456K), 3 survivors (3072K)
 Metaspace       used 55958K, capacity 57631K, committed 57904K, reserved 1099776K
  class space    used 7150K, capacity 7754K, committed 7808K, reserved 1048576K
}
Event: 60.619 GC heap after
{Heap after GC invocations=33 (full 0):
 garbage-first heap   total 98304K, used 68554K [0x00000000a0000000, 0x0000000100000000)
  region size 1024K, 3 young (3072K), 3 survivors (3072K)
 Metaspace       used 55958K, capacity 57631K, committed 57904K, reserved 1099776K
  class space    used 7150K, capacity 7754K, committed 7808K, reserved 1048576K
}
Event: 61.496 GC heap before
{Heap before GC invocations=33 (full 0):
 garbage-first heap   total 98304K, used 83914K [0x00000000a0000000, 0x0000000100000000)
  region size 1024K, 18 young (18432K), 3 survivors (3072K)
 Metaspace       used 57084K, capacity 58769K, committed 59056K, reserved 1099776K
  class space    used 7315K, capacity 7900K, committed 7936K, reserved 1048576K
}
Event: 61.503 GC heap after
{Heap after GC invocations=34 (full 0):
 garbage-first heap   total 98304K, used 68986K [0x00000000a0000000, 0x0000000100000000)
  region size 1024K, 2 young (2048K), 2 survivors (2048K)
 Metaspace       used 57084K, capacity 58769K, committed 59056K, reserved 1099776K
  class space    used 7315K, capacity 7900K, committed 7936K, reserved 1048576K
}
Event: 69.988 GC heap before
{Heap before GC invocations=35 (full 0):
 garbage-first heap   total 98304K, used 84346K [0x00000000a0000000, 0x0000000100000000)
  region size 1024K, 17 young (17408K), 2 survivors (2048K)
 Metaspace       used 57860K, capacity 59619K, committed 59696K, reserved 1101824K
  class space    used 7382K, capacity 7988K, committed 8064K, reserved 1048576K
}
Event: 69.993 GC heap after
{Heap after GC invocations=36 (full 0):
 garbage-first heap   total 98304K, used 69666K [0x00000000a0000000, 0x0000000100000000)
  region size 1024K, 3 young (3072K), 3 survivors (3072K)
 Metaspace       used 57860K, capacity 59619K, committed 59696K, reserved 1101824K
  class space    used 7382K, capacity 7988K, committed 8064K, reserved 1048576K
}
Event: 72.028 GC heap before
{Heap before GC invocations=36 (full 0):
 garbage-first heap   total 98304K, used 82978K [0x00000000a0000000, 0x0000000100000000)
  region size 1024K, 17 young (17408K), 3 survivors (3072K)
 Metaspace       used 58150K, capacity 59886K, committed 59952K, reserved 1101824K
  class space    used 7391K, capacity 8029K, committed 8064K, reserved 1048576K
}
Event: 72.037 GC heap after
{Heap after GC invocations=37 (full 0):
 garbage-first heap   total 98304K, used 71551K [0x00000000a0000000, 0x0000000100000000)
  region size 1024K, 3 young (3072K), 3 survivors (3072K)
 Metaspace       used 58150K, capacity 59886K, committed 59952K, reserved 1101824K
  class space    used 7391K, capacity 8029K, committed 8064K, reserved 1048576K
}

