# JRE version: Java(TM) SE Runtime Environment (19.0.1+10) (build 19.0.1+10-21)
# Java VM: Java HotSpot(TM) 64-Bit Server VM (19.0.1+10-21, mixed mode, sharing, tiered, compressed oops, compressed class ptrs, g1 gc, windows-amd64)
GC Precious Log:
 CardTable entry size: 512
 Card Set container configuration: InlinePtr #cards 5 size 8 Array Of Cards #cards 12 size 40 Howl #buckets 4 coarsen threshold 1843 Howl Bitmap #cards 512 size 80 coarsen threshold 460 Card regions per heap region 1 cards per card region 2048
 CPUs: 8 total, 8 available
 Memory: 6082M
 Large Page Support: Disabled
 NUMA Support: Disabled
 Compressed Oops: Enabled (32-bit)
 Heap Region Size: 1M
 Heap Min Capacity: 8M
 Heap Initial Capacity: 96M
 Heap Max Capacity: 1536M
 Pre-touch: Disabled
 Parallel Workers: 8
 Concurrent Workers: 2
 Concurrent Refinement Workers: 8
 Periodic GC: Disabled
Heap:
 garbage-first heap   total 98304K, used 48333K [0x00000000a0000000, 0x0000000100000000)
  region size 1024K, 36 young (36864K), 6 survivors (6144K)
 Metaspace       used 20329K, committed 20992K, reserved 1114112K
  class space    used 2933K, committed 3264K, reserved 1048576K
GC Heap History (6 events):
Event: 1.809 GC heap before
{Heap before GC invocations=0 (full 0):
 garbage-first heap   total 98304K, used 28672K [0x00000000a0000000, 0x0000000100000000)
  region size 1024K, 23 young (23552K), 0 survivors (0K)
 Metaspace       used 3082K, committed 3200K, reserved 1114112K
  class space    used 375K, committed 448K, reserved 1048576K
}
Event: 1.822 GC heap after
{Heap after GC invocations=1 (full 0):
 garbage-first heap   total 98304K, used 9024K [0x00000000a0000000, 0x0000000100000000)
  region size 1024K, 3 young (3072K), 3 survivors (3072K)
 Metaspace       used 3082K, committed 3200K, reserved 1114112K
  class space    used 375K, committed 448K, reserved 1048576K
}
Event: 2.965 GC heap before
{Heap before GC invocations=1 (full 0):
 garbage-first heap   total 98304K, used 37696K [0x00000000a0000000, 0x0000000100000000)
  region size 1024K, 31 young (31744K), 3 survivors (3072K)
 Metaspace       used 4036K, committed 4224K, reserved 1114112K
  class space    used 472K, committed 576K, reserved 1048576K
}
Event: 2.973 GC heap after
{Heap after GC invocations=2 (full 0):
 garbage-first heap   total 98304K, used 13446K [0x00000000a0000000, 0x0000000100000000)
  region size 1024K, 4 young (4096K), 4 survivors (4096K)
 Metaspace       used 4036K, committed 4224K, reserved 1114112K
  class space    used 472K, committed 576K, reserved 1048576K
}
Event: 6.908 GC heap before
{Heap before GC invocations=2 (full 0):
 garbage-first heap   total 98304K, used 64646K [0x00000000a0000000, 0x0000000100000000)
  region size 1024K, 54 young (55296K), 4 survivors (4096K)
 Metaspace       used 15192K, committed 15680K, reserved 1114112K
  class space    used 2087K, committed 2304K, reserved 1048576K
}
Event: 6.921 GC heap after
{Heap after GC invocations=3 (full 0):
 garbage-first heap   total 98304K, used 18637K [0x00000000a0000000, 0x0000000100000000)
  region size 1024K, 6 young (6144K), 6 survivors (6144K)
 Metaspace       used 15192K, committed 15680K, reserved 1114112K
  class space    used 2087K, committed 2304K, reserved 1048576K
}

